build/app/outputs/mapping/release/mapping.txt
# compiler: R8
# compiler_version: 1.5.64
# min_api: 16
# pg_map_id: 6247f6e
...
com.google.android.gms.common.api.internal.UnregisterListenerMethod -> com.google.android.gms.common.api.internal.p:
    void unregisterListener(com.google.android.gms.common.api.Api$AnyClient,com.google.android.gms.tasks.TaskCompletionSource) -> a
com.google.android.gms.common.api.internal.zaaa -> com.google.android.gms.common.api.internal.q:
    com.google.android.gms.common.api.internal.zax zafi -> b
    com.google.android.gms.common.api.internal.SignInConnectionListener zafj -> a
    void cancel() -> a
    void onComplete(com.google.android.gms.tasks.Task) -> a
com.google.android.gms.common.api.internal.zaab -> com.google.android.gms.common.api.internal.r:
    java.util.Map zafk -> a
    java.util.Map zafl -> b
    java.util.Map zaa(com.google.android.gms.common.api.internal.zaab) -> a
    void zaa(com.google.android.gms.common.api.internal.BasePendingResult,boolean) -> a
    void zaa(boolean,com.google.android.gms.common.api.Status) -> a
    boolean zaag() -> a
    void zaah() -> b
    void zaai() -> c
com.google.android.gms.common.api.internal.zaac -> com.google.android.gms.common.api.internal.s:
    com.google.android.gms.common.api.internal.BasePendingResult zafm -> a
    com.google.android.gms.common.api.internal.zaab zafn -> b
    void onComplete(com.google.android.gms.common.api.Status) -> a
com.google.android.gms.common.api.internal.zaae -> com.google.android.gms.common.api.internal.t:
    com.google.android.gms.common.api.internal.GoogleApiManager zabm -> g
    androidx.collection.ArraySet zafp -> f
    void zaa(android.app.Activity,com.google.android.gms.common.api.internal.GoogleApiManager,com.google.android.gms.common.api.internal.zai) -> a
    void zaa(com.google.android.gms.common.ConnectionResult,int) -> a
    void onResume() -> c
    void onStart() -> d
    void onStop() -> e
    void zao() -> f
    androidx.collection.ArraySet zaaj() -> h
    void zaak() -> i
com.google.android.gms.common.api.internal.zaaf -> com.google.android.gms.common.api.internal.u:
    com.google.android.gms.common.api.internal.zai zafq -> a
    com.google.android.gms.tasks.TaskCompletionSource zafr -> b
    com.google.android.gms.tasks.TaskCompletionSource zaal() -> a
    com.google.android.gms.common.api.internal.zai zak() -> b
com.google.android.gms.common.api.internal.zaag -> com.google.android.gms.common.api.internal.v:
    java.lang.String zafs -> b
    com.google.android.gms.common.ConnectionResult blockingConnect() -> a
    void dump(java.lang.String,java.io.FileDescriptor,java.io.PrintWriter,java.lang.String[]) -> a
    void registerConnectionFailedListener(com.google.android.gms.common.api.GoogleApiClient$OnConnectionFailedListener) -> a
    com.google.android.gms.common.api.PendingResult clearDefaultAccountAndReconnect() -> b
    void unregisterConnectionFailedListener(com.google.android.gms.common.api.GoogleApiClient$OnConnectionFailedListener) -> b
    void connect() -> c
    void disconnect() -> d
com.google.android.gms.common.api.internal.zaah -> com.google.android.gms.common.api.internal.w:
    com.google.android.gms.common.api.internal.zabe zaft -> a
    boolean zafu -> b
    boolean disconnect() -> a
    com.google.android.gms.common.api.internal.BaseImplementation$ApiMethodImpl execute(com.google.android.gms.common.api.internal.BaseImplementation$ApiMethodImpl) -> a
    void onConnectionSuspended(int) -> a
    com.google.android.gms.common.api.internal.zabe zaa(com.google.android.gms.common.api.internal.zaah) -> a
    void zaa(com.google.android.gms.common.ConnectionResult,com.google.android.gms.common.api.Api,boolean) -> a
    void connect() -> b
    com.google.android.gms.common.api.internal.BaseImplementation$ApiMethodImpl enqueue(com.google.android.gms.common.api.internal.BaseImplementation$ApiMethodImpl) -> b
    void onConnected(android.os.Bundle) -> b
    void begin() -> c
    void zaam() -> d